2026-05-30 15:58:43,764 [INFO] sjhl (pan115.py:345): 115 CloudDrive: 开始自动授权
2026-05-30 15:58:44,843 [INFO] sjhl (pan115.py:356): 115 CloudDrive: 授权成功
2026-05-30 15:59:42,540 [INFO] sjhl (graph.py:687): SharePoint 发现完成：站点数=8，文档库数=4
2026-05-30 16:12:51,257 [INFO] sjhl (sync_engine.py:178): Sync[75bb1318]: 开始执行
2026-05-30 16:12:51,259 [INFO] sjhl (sync_engine.py:178): Sync[75bb1318]: 源类型: 115-cookie, 源: 3339441568933217842
2026-05-30 16:12:51,621 [INFO] sjhl (sync_engine.py:178): Sync[75bb1318]: 完成: 扫描 14 个, 入队 14 个, 跳过 0 个
2026-05-30 16:12:51,673 [INFO] sjhl (transfer.py:673): 传输队列：运行中=4/4，排队=10，重试=0，已完成=0，失败=0
2026-05-30 16:12:52,373 [INFO] sjhl (transfer.py:825): 115 使用 Cookie 获取下载链接成功：cv1wq22kdtu7rdzip
2026-05-30 16:12:53,130 [INFO] sjhl (transfer.py:954): 下载进度: AfuseKt_1.3.5-10090-fix2.apk 4/82 MiB (5%) 5.6 MiB/s
2026-05-30 16:12:53,927 [INFO] sjhl (transfer.py:825): 115 使用 Cookie 获取下载链接成功：b58hgjaxv0zvr8w12
2026-05-30 16:12:54,474 [INFO] sjhl (transfer.py:954): 下载进度: carlife+车机版4.0.apk 4/4 MiB (100%) 7.4 MiB/s
2026-05-30 16:12:54,475 [INFO] sjhl (transfer.py:975): 下载完成: carlife+车机版4.0.apk 4 MiB / 0.5s / 7.2 MiB/s
2026-05-30 16:12:54,509 [INFO] sjhl (transfer.py:673): 传输队列：运行中=4/4，排队=10，重试=0，已完成=0，失败=0
2026-05-30 16:12:54,957 [INFO] sjhl (transfer.py:975): 下载完成: AfuseKt_1.3.5-10090-fix2.apk 82 MiB / 2.6s / 32.0 MiB/s
2026-05-30 16:12:54,994 [INFO] sjhl (transfer.py:673): 传输队列：运行中=4/4，排队=10，重试=0，已完成=0，失败=0
2026-05-30 16:12:58,553 [INFO] sjhl (transfer.py:825): 115 使用 Cookie 获取下载链接成功：bz2sdeal0f2zu8w12
2026-05-30 16:12:58,663 [INFO] sjhl (transfer.py:825): 115 使用 Cookie 获取下载链接成功：dcp3usw6peowzxia7
2026-05-30 16:12:59,411 [INFO] sjhl (transfer.py:954): 下载进度: Clash Meta for Android_2.11.5.Meta.apk 4/55 MiB (7%) 4.9 MiB/s
2026-05-30 16:12:59,674 [INFO] sjhl (graph.py:230): Graph 分片上传完成：0-3979934/3979935，3.8 MiB，耗时 4.3 秒，速度 0.9 MiB/s
2026-05-30 16:12:59,731 [INFO] sjhl (transfer.py:954): 下载进度: FCL-release-1.1.7-arm64-v8a.apk 4/116 MiB (3%) 3.9 MiB/s
2026-05-30 16:13:00,302 [INFO] sjhl (graph.py:230): Graph 分片上传完成：0-20971519/85577621，20.0 MiB，耗时 4.7 秒，速度 4.2 MiB/s
2026-05-30 16:13:00,365 [INFO] sjhl (transfer.py:975): 下载完成: Clash Meta for Android_2.11.5.Meta.apk 55 MiB / 1.8s / 31.1 MiB/s
2026-05-30 16:13:00,400 [INFO] sjhl (transfer.py:673): 传输队列：运行中=4/4，排队=9，重试=0，已完成=1，失败=0
2026-05-30 16:13:01,320 [INFO] sjhl (transfer.py:673): 传输队列：运行中=4/4，排队=8，重试=0，已完成=1，失败=0
2026-05-30 16:13:02,019 [INFO] sjhl (transfer.py:975): 下载完成: FCL-release-1.1.7-arm64-v8a.apk 116 MiB / 3.3s / 34.8 MiB/s
2026-05-30 16:13:02,057 [INFO] sjhl (transfer.py:673): 传输队列：运行中=4/4，排队=8，重试=0，已完成=1，失败=0
2026-05-30 16:13:02,097 [INFO] sjhl (graph.py:230): Graph 分片上传完成：20971520-41943039/85577621，20.0 MiB，耗时 1.8 秒，速度 11.4 MiB/s
2026-05-30 16:13:02,535 [INFO] sjhl (transfer.py:825): 115 使用 Cookie 获取下载链接成功：e2ppa44kfyq9yzscb
2026-05-30 16:13:03,091 [INFO] sjhl (graph.py:230): Graph 分片上传完成：0-20971519/58156333，20.0 MiB，耗时 2.1 秒，速度 9.5 MiB/s
2026-05-30 16:13:03,275 [INFO] sjhl (transfer.py:954): 下载进度: MT管理器_2.16.7.apk 4/20 MiB (20%) 5.7 MiB/s
2026-05-30 16:13:03,670 [INFO] sjhl (transfer.py:975): 下载完成: MT管理器_2.16.7.apk 20 MiB / 1.1s / 17.7 MiB/s
2026-05-30 16:13:03,763 [INFO] sjhl (transfer.py:673): 传输队列：运行中=4/4，排队=8，重试=0，已完成=1，失败=0
2026-05-30 16:13:03,868 [INFO] sjhl (graph.py:230): Graph 分片上传完成：41943040-62914559/85577621，20.0 MiB，耗时 1.7 秒，速度 11.6 MiB/s
2026-05-30 16:13:05,015 [INFO] sjhl (graph.py:230): Graph 分片上传完成：0-20971519/121179619，20.0 MiB，耗时 2.3 秒，速度 8.5 MiB/s
2026-05-30 16:13:05,707 [INFO] sjhl (graph.py:230): Graph 分片上传完成：62914560-83886079/85577621，20.0 MiB，耗时 1.8 秒，速度 11.1 MiB/s
2026-05-30 16:13:06,859 [INFO] sjhl (graph.py:230): Graph 分片上传完成：83886080-85577620/85577621，1.6 MiB，耗时 1.1 秒，速度 1.4 MiB/s
2026-05-30 16:13:07,044 [INFO] sjhl (graph.py:230): Graph 分片上传完成：20971520-41943039/121179619，20.0 MiB，耗时 2.0 秒，速度 10.0 MiB/s
2026-05-30 16:13:07,141 [INFO] sjhl (graph.py:230): Graph 分片上传完成：0-20506428/20506429，19.6 MiB，耗时 2.7 秒，速度 7.3 MiB/s
2026-05-30 16:13:07,552 [INFO] sjhl (graph.py:230): Graph 分片上传完成：20971520-41943039/58156333，20.0 MiB，耗时 4.4 秒，速度 4.5 MiB/s
2026-05-30 16:13:08,315 [INFO] sjhl (transfer.py:673): 传输队列：运行中=4/4，排队=7，重试=0，已完成=3，失败=0
2026-05-30 16:13:08,577 [INFO] sjhl (transfer.py:825): 115 使用 Cookie 获取下载链接成功：b5edbxksvp5g88w12
2026-05-30 16:13:08,693 [INFO] sjhl (transfer.py:673): 传输队列：运行中=4/4，排队=6，重试=0，已完成=3，失败=0
2026-05-30 16:13:08,722 [INFO] sjhl (graph.py:230): Graph 分片上传完成：41943040-62914559/121179619，20.0 MiB，耗时 1.6 秒，速度 12.2 MiB/s
2026-05-30 16:13:09,433 [INFO] sjhl (transfer.py:954): 下载进度: PojavLauncher.apk 4/110 MiB (4%) 4.8 MiB/s
2026-05-30 16:13:09,844 [INFO] sjhl (graph.py:230): Graph 分片上传完成：41943040-58156332/58156333，15.5 MiB，耗时 2.3 秒，速度 6.8 MiB/s
2026-05-30 16:13:10,294 [INFO] sjhl (graph.py:230): Graph 分片上传完成：62914560-83886079/121179619，20.0 MiB，耗时 1.6 秒，速度 12.9 MiB/s
2026-05-30 16:13:10,549 [INFO] sjhl (transfer.py:825): 115 使用 Cookie 获取下载链接成功：dczsa2rc2lgsjxia7
2026-05-30 16:13:11,204 [INFO] sjhl (transfer.py:673): 传输队列：运行中=4/4，排队=5，重试=0，已完成=4，失败=0
2026-05-30 16:13:11,249 [INFO] sjhl (transfer.py:954): 下载进度: Yamby-v1.4.3.7-arm64-v8a-release.apk 4/27 MiB (15%) 5.9 MiB/s
2026-05-30 16:13:11,586 [INFO] sjhl (transfer.py:975): 下载完成: Yamby-v1.4.3.7-arm64-v8a-release.apk 27 MiB / 1.0s / 26.4 MiB/s
2026-05-30 16:13:11,624 [INFO] sjhl (transfer.py:673): 传输队列：运行中=4/4，排队=5，重试=0，已完成=4，失败=0
2026-05-30 16:13:12,007 [INFO] sjhl (transfer.py:975): 下载完成: PojavLauncher.apk 110 MiB / 3.4s / 32.2 MiB/s
2026-05-30 16:13:12,042 [INFO] sjhl (transfer.py:673): 传输队列：运行中=4/4，排队=5，重试=0，已完成=4，失败=0
2026-05-30 16:13:12,108 [INFO] sjhl (graph.py:230): Graph 分片上传完成：83886080-104857599/121179619，20.0 MiB，耗时 1.8 秒，速度 11.1 MiB/s
2026-05-30 16:13:12,603 [INFO] sjhl (transfer.py:825): 115 使用 Cookie 获取下载链接成功：cndltmpuxcxtrdzip
2026-05-30 16:13:14,350 [INFO] sjhl (graph.py:230): Graph 分片上传完成：104857600-121179618/121179619，15.6 MiB，耗时 2.2 秒，速度 7.0 MiB/s
2026-05-30 16:13:15,366 [INFO] sjhl (graph.py:230): Graph 分片上传完成：0-20971519/115172873，20.0 MiB，耗时 2.8 秒，速度 7.2 MiB/s
2026-05-30 16:13:15,541 [INFO] sjhl (transfer.py:673): 传输队列：运行中=4/4，排队=4，重试=0，已完成=5，失败=0
2026-05-30 16:13:15,884 [INFO] sjhl (transfer.py:825): 115 使用 Cookie 获取下载链接成功：cqf18y5xy0tvcdzip
2026-05-30 16:13:16,573 [INFO] sjhl (transfer.py:954): 下载进度: 冥冥王者共享.apk 3/3 MiB (100%) 4.7 MiB/s
2026-05-30 16:13:16,573 [INFO] sjhl (transfer.py:975): 下载完成: 冥冥王者共享.apk 3 MiB / 0.7s / 4.6 MiB/s
2026-05-30 16:13:16,607 [INFO] sjhl (transfer.py:673): 传输队列：运行中=4/4，排队=4，重试=0，已完成=6，失败=0
2026-05-30 16:13:16,621 [INFO] sjhl (transfer.py:954): 下载进度: 亿连驾驶助手_11.1.2.apk 4/120 MiB (3%) 1.0 MiB/s
2026-05-30 16:13:16,624 [INFO] sjhl (graph.py:230): Graph 分片上传完成：0-20971519/28234114，20.0 MiB，耗时 4.4 秒，速度 4.6 MiB/s
2026-05-30 16:13:17,206 [INFO] sjhl (graph.py:230): Graph 分片上传完成：20971520-41943039/115172873，20.0 MiB，耗时 1.8 秒，速度 11.0 MiB/s
2026-05-30 16:13:17,590 [ERROR] sjhl (exceptions.py:9): 请求错误: 任务状态不允许认领: done
2026-05-30 16:13:17,690 [ERROR] sjhl (exceptions.py:9): 请求错误: 任务状态不允许认领: running
2026-05-30 16:13:17,792 [ERROR] sjhl (exceptions.py:9): 请求错误: 任务状态不允许认领: running
2026-05-30 16:13:17,806 [INFO] sjhl (graph.py:230): Graph 分片上传完成：20971520-28234113/28234114，6.9 MiB，耗时 1.2 秒，速度 5.9 MiB/s
2026-05-30 16:13:17,895 [ERROR] sjhl (exceptions.py:9): 请求错误: 任务状态不允许认领: running
2026-05-30 16:13:17,990 [ERROR] sjhl (exceptions.py:9): 请求错误: 任务状态不允许认领: running
2026-05-30 16:13:18,869 [INFO] sjhl (graph.py:230): Graph 分片上传完成：41943040-62914559/115172873，20.0 MiB，耗时 1.6 秒，速度 12.2 MiB/s
2026-05-30 16:13:19,008 [INFO] sjhl (transfer.py:673): 传输队列：运行中=4/4，排队=2，重试=0，已完成=7，失败=0
2026-05-30 16:13:19,494 [INFO] sjhl (graph.py:230): Graph 分片上传完成：0-3256250/3256251，3.1 MiB，耗时 2.3 秒，速度 1.4 MiB/s
2026-05-30 16:13:20,430 [INFO] sjhl (transfer.py:825): 115 使用 Cookie 获取下载链接成功：b58hf3e6j2ckv8w12
2026-05-30 16:13:20,490 [INFO] sjhl (graph.py:230): Graph 分片上传完成：62914560-83886079/115172873，20.0 MiB，耗时 1.6 秒，速度 12.6 MiB/s
2026-05-30 16:13:20,682 [INFO] sjhl (transfer.py:673): 传输队列：运行中=4/4，排队=1，重试=0，已完成=8，失败=0
2026-05-30 16:13:21,034 [INFO] sjhl (transfer.py:975): 下载完成: 亿连驾驶助手_11.1.2.apk 120 MiB / 8.4s / 14.3 MiB/s
2026-05-30 16:13:21,071 [INFO] sjhl (transfer.py:673): 传输队列：运行中=4/4，排队=1，重试=0，已完成=8，失败=0
2026-05-30 16:13:21,342 [INFO] sjhl (transfer.py:954): 下载进度: 百度CarLife+_8.5.0.apk 4/135 MiB (3%) 4.5 MiB/s
2026-05-30 16:13:22,220 [INFO] sjhl (graph.py:230): Graph 分片上传完成：83886080-104857599/115172873，20.0 MiB，耗时 1.7 秒，速度 11.7 MiB/s
2026-05-30 16:13:22,497 [INFO] sjhl (transfer.py:825): 115 使用 Cookie 获取下载链接成功：b58sgyc8mnh3e8w12
2026-05-30 16:13:23,480 [INFO] sjhl (transfer.py:954): 下载进度: 酷狗音乐概念版_2.5.5（正版）.ipa 4/127 MiB (3%) 4.2 MiB/s
2026-05-30 16:13:23,768 [INFO] sjhl (graph.py:230): Graph 分片上传完成：0-20971519/126070163，20.0 MiB，耗时 2.1 秒，速度 9.6 MiB/s
2026-05-30 16:13:24,188 [INFO] sjhl (graph.py:230): Graph 分片上传完成：104857600-115172872/115172873，9.8 MiB，耗时 1.9 秒，速度 5.1 MiB/s
2026-05-30 16:13:24,388 [INFO] sjhl (transfer.py:975): 下载完成: 百度CarLife+_8.5.0.apk 135 MiB / 3.9s / 34.4 MiB/s
2026-05-30 16:13:24,429 [INFO] sjhl (transfer.py:673): 传输队列：运行中=4/4，排队=1，重试=0，已完成=9，失败=0
2026-05-30 16:13:25,024 [INFO] sjhl (graph.py:230): Graph 分片上传完成：20971520-41943039/126070163，20.0 MiB，耗时 1.2 秒，速度 16.3 MiB/s
2026-05-30 16:13:25,587 [INFO] sjhl (transfer.py:673): 传输队列：运行中=4/4，排队=0，重试=0，已完成=9，失败=0
2026-05-30 16:13:25,908 [INFO] sjhl (transfer.py:825): 115 使用 Cookie 获取下载链接成功：dcl50ye4ys3wcxia7
2026-05-30 16:13:26,267 [INFO] sjhl (transfer.py:975): 下载完成: 酷狗音乐概念版_2.5.5（正版）.ipa 127 MiB / 3.7s / 34.0 MiB/s
2026-05-30 16:13:26,309 [INFO] sjhl (transfer.py:673): 传输队列：运行中=4/4，排队=0，重试=0，已完成=9，失败=0
2026-05-30 16:13:26,544 [INFO] sjhl (transfer.py:954): 下载进度: 音乐_4.11.0.10.apk 4/115 MiB (3%) 6.6 MiB/s
2026-05-30 16:13:26,910 [INFO] sjhl (graph.py:230): Graph 分片上传完成：41943040-62914559/126070163，20.0 MiB，耗时 1.9 秒，速度 10.7 MiB/s
2026-05-30 16:13:28,595 [INFO] sjhl (graph.py:230): Graph 分片上传完成：62914560-83886079/126070163，20.0 MiB，耗时 1.7 秒，速度 12.1 MiB/s
2026-05-30 16:13:28,958 [INFO] sjhl (graph.py:230): Graph 分片上传完成：0-20971519/142023656，20.0 MiB，耗时 3.8 秒，速度 5.3 MiB/s
2026-05-30 16:13:29,101 [INFO] sjhl (transfer.py:975): 下载完成: 音乐_4.11.0.10.apk 115 MiB / 3.2s / 36.4 MiB/s
2026-05-30 16:13:29,136 [INFO] sjhl (transfer.py:673): 传输队列：运行中=4/4，排队=0，重试=0，已完成=9，失败=0
2026-05-30 16:13:30,035 [INFO] sjhl (graph.py:230): Graph 分片上传完成：83886080-104857599/126070163，20.0 MiB，耗时 1.4 秒，速度 14.1 MiB/s
2026-05-30 16:13:30,793 [INFO] sjhl (graph.py:230): Graph 分片上传完成：0-20971519/133644216，20.0 MiB，耗时 3.9 秒，速度 5.2 MiB/s
2026-05-30 16:13:31,591 [INFO] sjhl (graph.py:230): Graph 分片上传完成：104857600-125829119/126070163，20.0 MiB，耗时 1.5 秒，速度 13.0 MiB/s
2026-05-30 16:13:31,609 [INFO] sjhl (graph.py:230): Graph 分片上传完成：20971520-41943039/142023656，20.0 MiB，耗时 2.6 秒，速度 7.6 MiB/s
2026-05-30 16:13:32,046 [INFO] sjhl (graph.py:230): Graph 分片上传完成：125829120-126070162/126070163，0.2 MiB，耗时 0.5 秒，速度 0.5 MiB/s
2026-05-30 16:13:32,708 [INFO] sjhl (graph.py:230): Graph 分片上传完成：0-20971519/121094929，20.0 MiB，耗时 2.7 秒，速度 7.4 MiB/s
2026-05-30 16:13:32,786 [INFO] sjhl (graph.py:230): Graph 分片上传完成：20971520-41943039/133644216，20.0 MiB，耗时 2.0 秒，速度 10.1 MiB/s
2026-05-30 16:13:33,541 [INFO] sjhl (transfer.py:673): 传输队列：运行中=3/4，排队=0，重试=0，已完成=10，失败=0
2026-05-30 16:13:33,574 [INFO] sjhl (graph.py:230): Graph 分片上传完成：41943040-62914559/142023656，20.0 MiB，耗时 1.9 秒，速度 10.3 MiB/s
2026-05-30 16:13:34,391 [INFO] sjhl (graph.py:230): Graph 分片上传完成：20971520-41943039/121094929，20.0 MiB，耗时 1.7 秒，速度 12.0 MiB/s
2026-05-30 16:13:34,818 [INFO] sjhl (graph.py:230): Graph 分片上传完成：41943040-62914559/133644216，20.0 MiB，耗时 2.0 秒，速度 10.0 MiB/s
2026-05-30 16:13:36,025 [INFO] sjhl (graph.py:230): Graph 分片上传完成：41943040-62914559/121094929，20.0 MiB，耗时 1.6 秒，速度 12.4 MiB/s
2026-05-30 16:13:36,732 [INFO] sjhl (graph.py:230): Graph 分片上传完成：62914560-83886079/133644216，20.0 MiB，耗时 1.9 秒，速度 10.6 MiB/s
2026-05-30 16:13:37,435 [INFO] sjhl (graph.py:230): Graph 分片上传完成：62914560-83886079/121094929，20.0 MiB，耗时 1.4 秒，速度 14.4 MiB/s
2026-05-30 16:13:38,629 [INFO] sjhl (graph.py:230): Graph 分片上传完成：83886080-104857599/121094929，20.0 MiB，耗时 1.2 秒，速度 17.1 MiB/s
2026-05-30 16:13:38,893 [INFO] sjhl (graph.py:230): Graph 分片上传完成：83886080-104857599/133644216，20.0 MiB，耗时 2.1 秒，速度 9.4 MiB/s
2026-05-30 16:13:40,255 [INFO] sjhl (graph.py:230): Graph 分片上传完成：104857600-125829119/133644216，20.0 MiB，耗时 1.3 秒，速度 14.9 MiB/s
2026-05-30 16:13:40,454 [INFO] sjhl (graph.py:230): Graph 分片上传完成：62914560-83886079/142023656，20.0 MiB，耗时 6.9 秒，速度 2.9 MiB/s
2026-05-30 16:13:40,522 [INFO] sjhl (graph.py:230): Graph 分片上传完成：104857600-121094928/121094929，15.5 MiB，耗时 1.9 秒，速度 8.3 MiB/s
2026-05-30 16:13:40,735 [ERROR] sjhl (exceptions.py:9): 请求错误: 任务状态不允许认领: running
2026-05-30 16:13:40,805 [ERROR] sjhl (exceptions.py:9): 请求错误: 任务状态不允许认领: running
2026-05-30 16:13:40,875 [ERROR] sjhl (exceptions.py:9): 请求错误: 任务状态不允许认领: done
2026-05-30 16:13:41,625 [INFO] sjhl (graph.py:230): Graph 分片上传完成：125829120-133644215/133644216，7.5 MiB，耗时 1.4 秒，速度 5.5 MiB/s
2026-05-30 16:13:42,307 [INFO] sjhl (graph.py:230): Graph 分片上传完成：83886080-104857599/142023656，20.0 MiB，耗时 1.8 秒，速度 10.9 MiB/s
2026-05-30 16:13:42,434 [INFO] sjhl (transfer.py:673): 传输队列：运行中=2/4，排队=0，重试=0，已完成=13，失败=0
2026-05-30 16:13:43,068 [INFO] sjhl (transfer.py:673): 传输队列：运行中=1/4，排队=0，重试=0，已完成=13，失败=0
2026-05-30 16:13:43,718 [INFO] sjhl (graph.py:230): Graph 分片上传完成：104857600-125829119/142023656，20.0 MiB，耗时 1.4 秒，速度 14.4 MiB/s
2026-05-30 16:13:45,735 [INFO] sjhl (graph.py:230): Graph 分片上传完成：125829120-142023655/142023656，15.4 MiB，耗时 2.0 秒，速度 7.7 MiB/s
