[12:51:04] === Large File Upload Test: 4x 600 MiB, chunk 40 MiB ===
[12:51:04] Creating file 1/4 (600 MiB)...
[12:51:07] Creating file 2/4 (600 MiB)...
[12:51:11] Creating file 3/4 (600 MiB)...
[12:51:14] Creating file 4/4 (600 MiB)...
[12:51:18] Token OK
[12:51:19] Session #1: speedtest_0.bin
[12:51:20] Session #2: speedtest_1.bin
[12:51:20] Session #3: speedtest_2.bin
[12:51:21] Session #4: speedtest_3.bin
[12:51:21] 
Starting 4 concurrent uploads (2400 MiB total)...

[12:51:23]   #1 chunk 1/15 40 MiB/600 MiB 2.3s 17.2 MiB/s
[12:51:24]   #2 chunk 1/15 40 MiB/600 MiB 3.1s 13.0 MiB/s
[12:51:24]   #3 chunk 1/15 40 MiB/600 MiB 3.2s 12.4 MiB/s
[12:51:24]   #1 chunk 2/15 80 MiB/600 MiB 1.6s 24.9 MiB/s
[12:51:25]   #4 chunk 1/15 40 MiB/600 MiB 4.8s 8.3 MiB/s
[12:51:26]   #3 chunk 2/15 80 MiB/600 MiB 1.8s 22.6 MiB/s
[12:51:26]   #2 chunk 2/15 80 MiB/600 MiB 2.4s 16.4 MiB/s
[12:51:26]   #1 chunk 3/15 120 MiB/600 MiB 1.8s 22.1 MiB/s
[12:51:28]   #3 chunk 3/15 120 MiB/600 MiB 1.9s 20.8 MiB/s
[12:51:28]   #1 chunk 4/15 160 MiB/600 MiB 1.3s 30.0 MiB/s
[12:51:29]   #4 chunk 2/15 80 MiB/600 MiB 3.4s 11.6 MiB/s
[12:51:29]   #1 chunk 5/15 200 MiB/600 MiB 1.4s 29.5 MiB/s
[12:51:30]   #2 chunk 3/15 120 MiB/600 MiB 3.5s 11.5 MiB/s
[12:51:30]   #3 chunk 4/15 160 MiB/600 MiB 2.2s 18.3 MiB/s
[12:51:30]   #1 chunk 6/15 240 MiB/600 MiB 1.3s 30.0 MiB/s
[12:51:32]   #4 chunk 3/15 120 MiB/600 MiB 2.8s 14.3 MiB/s
[12:51:32]   #1 chunk 7/15 280 MiB/600 MiB 1.5s 25.9 MiB/s
[12:51:32]   #2 chunk 4/15 160 MiB/600 MiB 2.7s 14.8 MiB/s
[12:51:32]   #3 chunk 5/15 200 MiB/600 MiB 2.7s 15.1 MiB/s
[12:51:34]   #1 chunk 8/15 320 MiB/600 MiB 1.5s 26.0 MiB/s
[12:51:34]   #4 chunk 4/15 160 MiB/600 MiB 2.5s 16.1 MiB/s
[12:51:35]   #2 chunk 5/15 200 MiB/600 MiB 2.4s 16.5 MiB/s
[12:51:35]   #1 chunk 9/15 360 MiB/600 MiB 1.8s 22.9 MiB/s
[12:51:35]   #3 chunk 6/15 240 MiB/600 MiB 3.0s 13.4 MiB/s
[12:51:37]   #1 chunk 10/15 400 MiB/600 MiB 1.7s 23.4 MiB/s
[12:51:37]   #4 chunk 5/15 200 MiB/600 MiB 3.1s 12.8 MiB/s
[12:51:38]   #2 chunk 6/15 240 MiB/600 MiB 2.9s 13.9 MiB/s
[12:51:38]   #3 chunk 7/15 280 MiB/600 MiB 2.4s 16.9 MiB/s
[12:51:38]   #1 chunk 11/15 440 MiB/600 MiB 1.2s 32.5 MiB/s
[12:51:40]   #1 chunk 12/15 480 MiB/600 MiB 1.5s 27.5 MiB/s
[12:51:40]   #2 chunk 7/15 280 MiB/600 MiB 2.6s 15.3 MiB/s
[12:51:41]   #4 chunk 6/15 240 MiB/600 MiB 3.3s 12.1 MiB/s
[12:51:41]   #3 chunk 8/15 320 MiB/600 MiB 3.1s 13.0 MiB/s
[12:51:41]   #1 chunk 13/15 520 MiB/600 MiB 1.2s 32.2 MiB/s
[12:51:43]   #1 chunk 14/15 560 MiB/600 MiB 1.5s 26.7 MiB/s
[12:51:43]   #2 chunk 8/15 320 MiB/600 MiB 2.4s 16.5 MiB/s
[12:51:43]   #4 chunk 7/15 280 MiB/600 MiB 2.3s 17.7 MiB/s
[12:51:44]   #3 chunk 9/15 360 MiB/600 MiB 2.7s 14.8 MiB/s
[12:51:44]   #1 chunk 15/15 600 MiB/600 MiB 1.7s 23.4 MiB/s
[12:51:44]   #1 DONE 600 MiB in 23.8s avg 25.2 MiB/s
[12:51:45]   #4 chunk 8/15 320 MiB/600 MiB 1.6s 25.7 MiB/s
[12:51:46]   #2 chunk 9/15 360 MiB/600 MiB 2.6s 15.2 MiB/s
[12:51:46]   #4 chunk 9/15 360 MiB/600 MiB 1.6s 25.6 MiB/s
[12:51:47]   #3 chunk 10/15 400 MiB/600 MiB 3.6s 11.1 MiB/s
[12:51:49]   #2 chunk 10/15 400 MiB/600 MiB 3.0s 13.3 MiB/s
[12:51:49]   #4 chunk 10/15 400 MiB/600 MiB 3.3s 12.1 MiB/s
[12:51:51]   #2 chunk 11/15 440 MiB/600 MiB 2.1s 18.6 MiB/s
[12:51:52]   #3 chunk 11/15 440 MiB/600 MiB 4.2s 9.5 MiB/s
[12:51:52]   #4 chunk 11/15 440 MiB/600 MiB 2.2s 18.4 MiB/s
[12:51:52]   #2 chunk 12/15 480 MiB/600 MiB 1.4s 28.5 MiB/s
[12:51:53]   #4 chunk 12/15 480 MiB/600 MiB 1.6s 25.3 MiB/s
[12:51:54]   #2 chunk 13/15 520 MiB/600 MiB 1.5s 26.9 MiB/s
[12:51:54]   #3 chunk 12/15 480 MiB/600 MiB 2.2s 18.3 MiB/s
[12:51:55]   #4 chunk 13/15 520 MiB/600 MiB 1.5s 26.8 MiB/s
[12:51:55]   #2 chunk 14/15 560 MiB/600 MiB 1.5s 26.2 MiB/s
[12:51:56]   #3 chunk 13/15 520 MiB/600 MiB 1.7s 23.6 MiB/s
[12:51:56]   #4 chunk 14/15 560 MiB/600 MiB 1.3s 29.7 MiB/s
[12:51:57]   #2 chunk 15/15 600 MiB/600 MiB 1.6s 24.8 MiB/s
[12:51:57]   #2 DONE 600 MiB in 36.3s avg 16.5 MiB/s
[12:51:57]   #3 chunk 14/15 560 MiB/600 MiB 1.8s 22.2 MiB/s
[12:51:58]   #4 chunk 15/15 600 MiB/600 MiB 1.5s 27.2 MiB/s
[12:51:58]   #4 DONE 600 MiB in 37.1s avg 16.2 MiB/s
[12:51:59]   #3 chunk 15/15 600 MiB/600 MiB 1.3s 30.1 MiB/s
[12:51:59]   #3 DONE 600 MiB in 38.1s avg 15.7 MiB/s
[12:51:59] 
=== RESULTS ===
[12:51:59]   speedtest_0.bin       600 MiB  25.2 MiB/s  (23.8s)
[12:51:59]   speedtest_1.bin       600 MiB  16.5 MiB/s  (36.3s)
[12:51:59]   speedtest_2.bin       600 MiB  15.7 MiB/s  (38.1s)
[12:51:59]   speedtest_3.bin       600 MiB  16.2 MiB/s  (37.1s)
[12:51:59]   ───────────────────────────────────
[12:51:59]   Total:     2400 MiB / 38.2s
[12:51:59]   Combined:  62.8 MiB/s
[12:51:59]   Avg/file:  18.4 MiB/s
[12:51:59]   Range:     15.7 MiB/s ~ 25.2 MiB/s
[12:51:59] 
[12:51:59] Cleaning up SharePoint test files...
